<?xml version="1.0" encoding="UTF-8"?>
<!-- Generated by org.testng.reporters.JUnitReportReporter -->
<testsuite hostname="LAPTOP-EH4U4A5P" failures="0" tests="1" name="selenium.TakingScreenShot" time="7.908" errors="0" timestamp="2023-01-30T12:34:59 IST" skipped="0">
  <testcase classname="selenium.TakingScreenShot" name="screenShot" time="7.908"/>
  <system-out/>
</testsuite> <!-- selenium.TakingScreenShot -->
