<?xml version="1.0" encoding="UTF-8"?>
<!-- Generated by org.testng.reporters.JUnitReportReporter -->
<testsuite hostname="LAPTOP-EH4U4A5P" failures="0" tests="1" name="selenium.Robot_class" time="28.870" errors="0" timestamp="2023-01-27T12:02:05 IST" skipped="0">
  <testcase classname="selenium.Robot_class" name="usingRobot_class_Keyboard" time="28.870"/>
  <system-out/>
</testsuite> <!-- selenium.Robot_class -->
