<?xml version="1.0" encoding="UTF-8"?>
<!-- Generated by org.testng.reporters.JUnitReportReporter -->
<testsuite hostname="LAPTOP-EH4U4A5P" failures="0" tests="1" name="selenium.FacebookLogin" time="8.203" errors="0" timestamp="2023-01-30T20:14:42 IST" skipped="0">
  <testcase classname="selenium.FacebookLogin" name="login_Page" time="8.203"/>
  <system-out/>
</testsuite> <!-- selenium.FacebookLogin -->
