<?xml version="1.0" encoding="UTF-8"?>
<!-- Generated by org.testng.reporters.JUnitReportReporter -->
<testsuite hostname="LAPTOP-EH4U4A5P" failures="0" tests="1" name="selenium.X_Path" time="13.209" errors="0" timestamp="2023-01-30T11:43:49 IST" skipped="0">
  <testcase classname="selenium.X_Path" name="groupIndex" time="13.209"/>
  <system-out/>
</testsuite> <!-- selenium.X_Path -->
